#
# A fatal error has been detected by the Java Runtime Environment:
#
#  EXCEPTION_ACCESS_VIOLATION (0xc0000005) at pc=0x0000000067a64870, pid=4868, tid=0x0000000000001ffc
#
# JRE version: Java(TM) SE Runtime Environment (8.0_111-b14) (build 1.8.0_111-b14)
# Java VM: Java HotSpot(TM) 64-Bit Server VM (25.111-b14 mixed mode windows-amd64 compressed oops)
# Problematic frame:
# C  [nvoglv64.DLL+0xac4870]
#
# Failed to write core dump. Minidumps are not enabled by default on client versions of Windows
#
# If you would like to submit a bug report, please visit:
#   http://bugreport.java.com/bugreport/crash.jsp
# The crash happened outside the Java Virtual Machine in native code.
# See problematic frame for where to report the bug.
#

---------------  T H R E A D  ---------------

Current thread (0x000000001dc5f800):  JavaThread "LWJGL Application" [_thread_in_native, id=8188, stack(0x000000001e830000,0x000000001e930000)]

siginfo: ExceptionCode=0xc0000005, reading address 0x000000001ef0391a

Registers:
RAX=0x0000000000000006, RBX=0x000000001ef03910, RCX=0xffffffeeaedda00a, RDX=0x0000001456e79a8e
RSP=0x000000001e92ef40, RBP=0x0000000000000006, RSI=0x000000001eff3080, RDI=0x000000001eff3080
R8 =0x00000000000017e4, R9 =0x0000000000000000, R10=0x0000000000000007, R11=0x000000006a05b580
R12=0x0000000000000000, R13=0x000000001eff3828, R14=0x0000000000001403, R15=0x0000000000000000
RIP=0x0000000067a64870, EFLAGS=0x0000000000010246

Top of Stack: (sp=0x000000001e92ef40)
0x000000001e92ef40:   0000000000000004 000000001e92ef48
0x000000001e92ef50:   000000001bc393e3 000000001e92efd0
0x000000001e92ef60:   000000001bc3cc28 0000000000000000
0x000000001e92ef70:   000000001bc39450 0000000000000000
0x000000001e92ef80:   000000001e92efb0 000000001e92f018
0x000000001e92ef90:   0000000000000004 0000000000000006
0x000000001e92efa0:   000000001bbad138 0000000000001403
0x000000001e92efb0:   000000076b188970 000000001ef03910
0x000000001e92efc0:   0000000000000000 00000000677366c6
0x000000001e92efd0:   000000001eff3828 0000000000000004
0x000000001e92efe0:   000000001eff3080 000000001e92efe8
0x000000001e92eff0:   0000000000000006 000000000000000c
0x000000001e92f000:   000000001ef03910 0000000000000000
0x000000001e92f010:   000000001bbdac00 0000000000000000
0x000000001e92f020:   000000001e92f038 000000001e92f080
0x000000001e92f030:   000000001dc5f800 000000001e92f148 

Instructions: (pc=0x0000000067a64870)
0x0000000067a64850:   8b fa 0f 47 f9 0f 42 d1 2b fa eb 6a 41 81 fe 03
0x0000000067a64860:   14 00 00 75 29 48 8b 9c 24 c0 00 00 00 48 63 c5
0x0000000067a64870:   0f b7 4c 43 fe 0f b7 13 0f b7 c1 66 3b d1 66 0f
0x0000000067a64880:   47 c2 66 0f 42 ca 0f b7 f8 0f b7 c1 eb 36 41 81 


Register to memory mapping:

RAX=0x0000000000000006 is an unknown value
RBX=0x000000001ef03910 is an unknown value
RCX=0xffffffeeaedda00a is an unknown value
RDX=0x0000001456e79a8e is an unknown value
RSP=0x000000001e92ef40 is pointing into the stack for thread: 0x000000001dc5f800
RBP=0x0000000000000006 is an unknown value
RSI=0x000000001eff3080 is an unknown value
RDI=0x000000001eff3080 is an unknown value
R8 =0x00000000000017e4 is an unknown value
R9 =0x0000000000000000 is an unknown value
R10=0x0000000000000007 is an unknown value
R11=0x000000006a05b580 is an unknown value
R12=0x0000000000000000 is an unknown value
R13=0x000000001eff3828 is an unknown value
R14=0x0000000000001403 is an unknown value
R15=0x0000000000000000 is an unknown value


Stack: [0x000000001e830000,0x000000001e930000],  sp=0x000000001e92ef40,  free space=1019k
Native frames: (J=compiled Java code, j=interpreted, Vv=VM code, C=native code)
C  [nvoglv64.DLL+0xac4870]
C  [nvoglv64.DLL+0x7966c6]
C  0x00000000029c7f74

Java frames: (J=compiled Java code, j=interpreted, Vv=VM code)
j  org.lwjgl.opengl.GL11.nglDrawElements(IIIJJ)V+0
j  org.lwjgl.opengl.GL11.glDrawElements(ILjava/nio/ShortBuffer;)V+34
j  com.badlogic.gdx.backends.lwjgl.LwjglGL20.glDrawElements(IIILjava/nio/Buffer;)V+21
j  com.badlogic.gdx.graphics.Mesh.render(Lcom/badlogic/gdx/graphics/glutils/ShaderProgram;IIIZ)V+88
j  com.badlogic.gdx.graphics.Mesh.render(Lcom/badlogic/gdx/graphics/glutils/ShaderProgram;III)V+10
j  com.badlogic.gdx.graphics.g2d.SpriteBatch.flush()V+176
j  com.badlogic.gdx.graphics.g2d.SpriteBatch.end()V+25
j  screens.GameScreen.render(F)V+38
j  com.badlogic.gdx.Game.render()V+19
j  com.example.illegalaliens.IllegalAliensMain.render()V+5
j  com.badlogic.gdx.backends.lwjgl.LwjglApplication.mainLoop()V+698
j  com.badlogic.gdx.backends.lwjgl.LwjglApplication$1.run()V+27
v  ~StubRoutines::call_stub

---------------  P R O C E S S  ---------------

Java Threads: ( => current thread )
  0x000000001dd48000 JavaThread "LWJGL Timer" daemon [_thread_blocked, id=10180, stack(0x0000000025440000,0x0000000025540000)]
  0x000000000100e800 JavaThread "DestroyJavaVM" [_thread_blocked, id=4080, stack(0x00000000027b0000,0x00000000028b0000)]
=>0x000000001dc5f800 JavaThread "LWJGL Application" [_thread_in_native, id=8188, stack(0x000000001e830000,0x000000001e930000)]
  0x000000001d978800 JavaThread "Service Thread" daemon [_thread_blocked, id=7892, stack(0x000000001dd50000,0x000000001de50000)]
  0x000000001c02a000 JavaThread "C1 CompilerThread2" daemon [_thread_blocked, id=9360, stack(0x000000001d850000,0x000000001d950000)]
  0x000000001c017000 JavaThread "C2 CompilerThread1" daemon [_thread_blocked, id=5512, stack(0x000000001d750000,0x000000001d850000)]
  0x000000001c00d000 JavaThread "C2 CompilerThread0" daemon [_thread_blocked, id=4508, stack(0x000000001d650000,0x000000001d750000)]
  0x000000001c00c000 JavaThread "Attach Listener" daemon [_thread_blocked, id=9296, stack(0x000000001d550000,0x000000001d650000)]
  0x000000001c00a800 JavaThread "Signal Dispatcher" daemon [_thread_blocked, id=588, stack(0x000000001d450000,0x000000001d550000)]
  0x00000000029ad000 JavaThread "Finalizer" daemon [_thread_blocked, id=4064, stack(0x000000001d260000,0x000000001d360000)]
  0x00000000029a2000 JavaThread "Reference Handler" daemon [_thread_blocked, id=3896, stack(0x000000001d160000,0x000000001d260000)]

Other Threads:
  0x000000001bfd7000 VMThread [stack: 0x000000001d060000,0x000000001d160000] [id=8116]
  0x000000001d98b000 WatcherThread [stack: 0x000000001de50000,0x000000001df50000] [id=2720]

VM state:not at safepoint (normal execution)

VM Mutex/Monitor currently owned by a thread: None

Heap:
 PSYoungGen      total 76288K, used 14619K [0x000000076b180000, 0x0000000770680000, 0x00000007c0000000)
  eden space 65536K, 22% used [0x000000076b180000,0x000000076bfc6c60,0x000000076f180000)
  from space 10752K, 0% used [0x000000076fc00000,0x000000076fc00000,0x0000000770680000)
  to   space 10752K, 0% used [0x000000076f180000,0x000000076f180000,0x000000076fc00000)
 ParOldGen       total 175104K, used 0K [0x00000006c1400000, 0x00000006cbf00000, 0x000000076b180000)
  object space 175104K, 0% used [0x00000006c1400000,0x00000006c1400000,0x00000006cbf00000)
 Metaspace       used 6669K, capacity 6947K, committed 7168K, reserved 1056768K
  class space    used 650K, capacity 688K, committed 768K, reserved 1048576K

Card table byte_map: [0x0000000011d70000,0x0000000012570000] byte_map_base: 0x000000000e766000

Marking Bits: (ParMarkBitMap*) 0x000000006a64a6c0
 Begin Bits: [0x0000000012ec0000, 0x0000000016e70000)
 End Bits:   [0x0000000016e70000, 0x000000001ae20000)

Polling page: 0x0000000000f90000

CodeCache: size=245760Kb used=2265Kb max_used=2265Kb free=243494Kb
 bounds [0x00000000029b0000, 0x0000000002c20000, 0x00000000119b0000]
 total_blobs=934 nmethods=485 adapters=362
 compilation: enabled

Compilation events (10 events):
Event: 1.432 Thread 0x000000001c02a000  480       3       utilities.Node::getY (5 bytes)
Event: 1.432 Thread 0x000000001c02a000 nmethod 480 0x0000000002be1f50 code [0x0000000002be20a0, 0x0000000002be21f0]
Event: 1.432 Thread 0x000000001c02a000  481  s    3       java.lang.Throwable::fillInStackTrace (29 bytes)
Event: 1.432 Thread 0x000000001c02a000 nmethod 481 0x0000000002be1990 code [0x0000000002be1b00, 0x0000000002be1ea8]
Event: 1.437 Thread 0x000000001c02a000  483   !   3       sun.misc.URLClassPath$FileLoader::getResource (164 bytes)
Event: 1.438 Thread 0x000000001c02a000 nmethod 483 0x0000000002be3490 code [0x0000000002be37c0, 0x0000000002be5048]
Event: 1.440 Thread 0x000000001c02a000  484   !   3       java.util.zip.ZipFile::getInputStream (304 bytes)
Event: 1.441 Thread 0x000000001c02a000 nmethod 484 0x0000000002be5e90 code [0x0000000002be6120, 0x0000000002be7318]
Event: 1.441 Thread 0x000000001c02a000  485       3       java.util.zip.ZipFile$ZipFileInputStream::<init> (41 bytes)
Event: 1.441 Thread 0x000000001c02a000 nmethod 485 0x0000000002be0c90 code [0x0000000002be0e20, 0x0000000002be11b8]

GC Heap History (0 events):
No events

Deoptimization events (0 events):
No events

Internal exceptions (10 events):
Event: 0.131 Thread 0x000000000100e800 Exception <a 'java/security/PrivilegedActionException'> (0x000000076b4be878) thrown at [C:\re\workspace\8-2-build-windows-amd64-cygwin\jdk8u111\7883\hotspot\src\share\vm\prims\jvm.cpp, line 1386]
Event: 0.131 Thread 0x000000000100e800 Exception <a 'java/security/PrivilegedActionException'> (0x000000076b4bea88) thrown at [C:\re\workspace\8-2-build-windows-amd64-cygwin\jdk8u111\7883\hotspot\src\share\vm\prims\jvm.cpp, line 1386]
Event: 0.131 Thread 0x000000000100e800 Exception <a 'java/security/PrivilegedActionException'> (0x000000076b4c26d0) thrown at [C:\re\workspace\8-2-build-windows-amd64-cygwin\jdk8u111\7883\hotspot\src\share\vm\prims\jvm.cpp, line 1386]
Event: 0.131 Thread 0x000000000100e800 Exception <a 'java/security/PrivilegedActionException'> (0x000000076b4c28e0) thrown at [C:\re\workspace\8-2-build-windows-amd64-cygwin\jdk8u111\7883\hotspot\src\share\vm\prims\jvm.cpp, line 1386]
Event: 0.214 Thread 0x000000000100e800 Exception <a 'java/security/PrivilegedActionException'> (0x000000076b655cb0) thrown at [C:\re\workspace\8-2-build-windows-amd64-cygwin\jdk8u111\7883\hotspot\src\share\vm\prims\jvm.cpp, line 1386]
Event: 0.214 Thread 0x000000000100e800 Exception <a 'java/security/PrivilegedActionException'> (0x000000076b657988) thrown at [C:\re\workspace\8-2-build-windows-amd64-cygwin\jdk8u111\7883\hotspot\src\share\vm\prims\jvm.cpp, line 1386]
Event: 0.214 Thread 0x000000000100e800 Exception <a 'java/security/PrivilegedActionException'> (0x000000076b658af8) thrown at [C:\re\workspace\8-2-build-windows-amd64-cygwin\jdk8u111\7883\hotspot\src\share\vm\prims\jvm.cpp, line 1386]
Event: 0.214 Thread 0x000000000100e800 Exception <a 'java/security/PrivilegedActionException'> (0x000000076b65dc60) thrown at [C:\re\workspace\8-2-build-windows-amd64-cygwin\jdk8u111\7883\hotspot\src\share\vm\prims\jvm.cpp, line 1386]
Event: 0.214 Thread 0x000000000100e800 Exception <a 'java/security/PrivilegedActionException'> (0x000000076b65e8b8) thrown at [C:\re\workspace\8-2-build-windows-amd64-cygwin\jdk8u111\7883\hotspot\src\share\vm\prims\jvm.cpp, line 1386]
Event: 0.214 Thread 0x000000000100e800 Exception <a 'java/security/PrivilegedActionException'> (0x000000076b65f4e0) thrown at [C:\re\workspace\8-2-build-windows-amd64-cygwin\jdk8u111\7883\hotspot\src\share\vm\prims\jvm.cpp, line 1386]

Events (10 events):
Event: 1.438 loading class controllers/TowerController
Event: 1.438 loading class controllers/TowerController done
Event: 1.438 loading class towers/Soldier
Event: 1.438 loading class towers/Soldier done
Event: 1.438 loading class towers/Tower
Event: 1.438 loading class towers/Tower done
Event: 1.439 loading class utilities/SpriteAdapter
Event: 1.439 loading class utilities/SpriteAdapter done
Event: 1.439 loading class com/badlogic/gdx/graphics/g2d/Sprite
Event: 1.439 loading class com/badlogic/gdx/graphics/g2d/Sprite done


Dynamic libraries:
0x00007ff6adb20000 - 0x00007ff6adb57000 	C:\Program Files\Java\jre1.8.0_111\bin\javaw.exe
0x00007fff01c50000 - 0x00007fff01e21000 	C:\Windows\SYSTEM32\ntdll.dll
0x00007fff00a50000 - 0x00007fff00afb000 	C:\Windows\System32\KERNEL32.DLL
0x00007ffefe220000 - 0x00007ffefe43d000 	C:\Windows\System32\KERNELBASE.dll
0x00007fff00840000 - 0x00007fff008e2000 	C:\Windows\System32\ADVAPI32.dll
0x00007fff010e0000 - 0x00007fff0117e000 	C:\Windows\System32\msvcrt.dll
0x00007fff01740000 - 0x00007fff01799000 	C:\Windows\System32\sechost.dll
0x00007fff01a70000 - 0x00007fff01b91000 	C:\Windows\System32\RPCRT4.dll
0x00007fff00f30000 - 0x00007fff01095000 	C:\Windows\System32\USER32.dll
0x00007ffefe190000 - 0x00007ffefe1ae000 	C:\Windows\System32\win32u.dll
0x00007fff010a0000 - 0x00007fff010d4000 	C:\Windows\System32\GDI32.dll
0x00007ffefe590000 - 0x00007ffefe712000 	C:\Windows\System32\gdi32full.dll
0x00007ffef3450000 - 0x00007ffef36ca000 	C:\Windows\WinSxS\amd64_microsoft.windows.common-controls_6595b64144ccf1df_6.0.14393.953_none_42151e83c686086b\COMCTL32.dll
0x00007fff017a0000 - 0x00007fff01a68000 	C:\Windows\System32\combase.dll
0x00007ffefe720000 - 0x00007ffefe815000 	C:\Windows\System32\ucrtbase.dll
0x00007ffefe1b0000 - 0x00007ffefe21a000 	C:\Windows\System32\bcryptPrimitives.dll
0x00007fff014d0000 - 0x00007fff014fe000 	C:\Windows\System32\IMM32.DLL
0x00000000690f0000 - 0x00000000691c2000 	C:\Program Files\Java\jre1.8.0_111\bin\msvcr100.dll
0x0000000069e30000 - 0x000000006a6ca000 	C:\Program Files\Java\jre1.8.0_111\bin\server\jvm.dll
0x00007fff01c40000 - 0x00007fff01c48000 	C:\Windows\System32\PSAPI.DLL
0x00007ffefc450000 - 0x00007ffefc473000 	C:\Windows\SYSTEM32\WINMM.dll
0x00007ffef1170000 - 0x00007ffef1179000 	C:\Windows\SYSTEM32\WSOCK32.dll
0x00007fff01320000 - 0x00007fff0138a000 	C:\Windows\System32\WS2_32.dll
0x00007ffef9d30000 - 0x00007ffef9d3a000 	C:\Windows\SYSTEM32\VERSION.dll
0x00007ffefc380000 - 0x00007ffefc3ab000 	C:\Windows\SYSTEM32\winmmbase.dll
0x00007ffefe140000 - 0x00007ffefe182000 	C:\Windows\System32\cfgmgr32.dll
0x0000000069d40000 - 0x0000000069d4f000 	C:\Program Files\Java\jre1.8.0_111\bin\verify.dll
0x0000000069d10000 - 0x0000000069d39000 	C:\Program Files\Java\jre1.8.0_111\bin\java.dll
0x0000000069cf0000 - 0x0000000069d06000 	C:\Program Files\Java\jre1.8.0_111\bin\zip.dll
0x00007ffeff2a0000 - 0x00007fff007a9000 	C:\Windows\System32\SHELL32.dll
0x00007ffefe880000 - 0x00007ffefef5a000 	C:\Windows\System32\windows.storage.dll
0x00007ffefe0d0000 - 0x00007ffefe11c000 	C:\Windows\System32\powrprof.dll
0x00007fff01500000 - 0x00007fff01552000 	C:\Windows\System32\shlwapi.dll
0x00007ffefe130000 - 0x00007ffefe13f000 	C:\Windows\System32\kernel.appcore.dll
0x00007ffefe440000 - 0x00007ffefe4e9000 	C:\Windows\System32\shcore.dll
0x00007ffefe0b0000 - 0x00007ffefe0c4000 	C:\Windows\System32\profapi.dll
0x0000000065580000 - 0x0000000065616000 	C:\Users\kajen\AppData\Local\Temp\libgdxkajen\38c81921\gdx64.dll
0x00007ffefdb80000 - 0x00007ffefdb97000 	C:\Windows\SYSTEM32\CRYPTSP.dll
0x00007ffefd5e0000 - 0x00007ffefd613000 	C:\Windows\system32\rsaenh.dll
0x00007ffefdc90000 - 0x00007ffefdcbb000 	C:\Windows\SYSTEM32\bcrypt.dll
0x00007ffefd860000 - 0x00007ffefd87f000 	C:\Windows\SYSTEM32\USERENV.dll
0x00007ffefdba0000 - 0x00007ffefdbab000 	C:\Windows\SYSTEM32\CRYPTBASE.dll
0x0000000069cd0000 - 0x0000000069cea000 	C:\Program Files\Java\jre1.8.0_111\bin\net.dll
0x00007ffefd9e0000 - 0x00007ffefda3c000 	C:\Windows\system32\mswsock.dll
0x00007ffefd760000 - 0x00007ffefd798000 	C:\Windows\SYSTEM32\IPHLPAPI.DLL
0x00007fff007b0000 - 0x00007fff007b8000 	C:\Windows\System32\NSI.dll
0x00007ffef9dd0000 - 0x00007ffef9de6000 	C:\Windows\SYSTEM32\dhcpcsvc6.DLL
0x00007ffef9da0000 - 0x00007ffef9dba000 	C:\Windows\SYSTEM32\dhcpcsvc.DLL
0x0000000069cb0000 - 0x0000000069cc1000 	C:\Program Files\Java\jre1.8.0_111\bin\nio.dll
0x0000000180000000 - 0x0000000180053000 	C:\Users\kajen\AppData\Local\Temp\libgdxkajen\dc0f0009\lwjgl64.dll
0x00007ffee6120000 - 0x00007ffee6243000 	C:\Windows\SYSTEM32\OPENGL32.dll
0x00007ffeee9c0000 - 0x00007ffeee9ed000 	C:\Windows\SYSTEM32\GLU32.dll
0x00007ffee1c10000 - 0x00007ffee1d07000 	C:\Windows\SYSTEM32\DDRAW.dll
0x00007ffeef0c0000 - 0x00007ffeef0c8000 	C:\Windows\SYSTEM32\DCIMAN32.dll
0x000000001e290000 - 0x000000001e2f4000 	C:\Users\kajen\AppData\Local\Temp\libgdxkajen\dc0f0009\OpenAL64.dll
0x00007fff01390000 - 0x00007fff014c7000 	C:\Windows\System32\ole32.dll
0x00007ffefc780000 - 0x00007ffefc815000 	C:\Windows\system32\uxtheme.dll
0x00007ffee0d00000 - 0x00007ffee0d68000 	C:\Program Files (x86)\Overwolf\0.103.44.0\x64\OWExplorer.dll
0x00007ffef0590000 - 0x00007ffef0722000 	C:\Windows\SYSTEM32\dbghelp.dll
0x00007ffef0050000 - 0x00007ffef0079000 	C:\Windows\SYSTEM32\dbgcore.DLL
0x00007fff01ba0000 - 0x00007fff01c3f000 	C:\Windows\System32\clbcatq.dll
0x00007ffefb320000 - 0x00007ffefb4a5000 	C:\Windows\System32\PROPSYS.dll
0x00007ffeff1e0000 - 0x00007ffeff29f000 	C:\Windows\System32\OLEAUT32.dll
0x00007ffefe4f0000 - 0x00007ffefe58c000 	C:\Windows\System32\msvcp_win.dll
0x00007ffeee430000 - 0x00007ffeee4cb000 	C:\Windows\SYSTEM32\dsound.dll
0x00007ffef9720000 - 0x00007ffef9791000 	C:\Windows\System32\MMDevApi.dll
0x00007ffefcc80000 - 0x00007ffefcca8000 	C:\Windows\System32\DEVOBJ.dll
0x00007ffee2f30000 - 0x00007ffee2fc4000 	C:\Windows\SYSTEM32\AUDIOSES.DLL
0x00007ffefb970000 - 0x00007ffefbaa6000 	C:\Windows\SYSTEM32\wintypes.dll
0x00007fff008f0000 - 0x00007fff00a4a000 	C:\Windows\System32\MSCTF.dll
0x00007ffefb660000 - 0x00007ffefb686000 	C:\Windows\system32\dwmapi.dll
0x0000000066fa0000 - 0x00000000690f0000 	C:\Windows\SYSTEM32\nvoglv64.DLL
0x00007fff00b00000 - 0x00007fff00f29000 	C:\Windows\System32\SETUPAPI.dll
0x00007ffefb220000 - 0x00007ffefb233000 	C:\Windows\SYSTEM32\WTSAPI32.dll
0x00007ffefe820000 - 0x00007ffefe875000 	C:\Windows\System32\WINTRUST.dll
0x00007ffefe120000 - 0x00007ffefe130000 	C:\Windows\System32\MSASN1.dll
0x00007ffefef60000 - 0x00007ffeff129000 	C:\Windows\System32\CRYPT32.dll
0x00007ffefd4b0000 - 0x00007ffefd4e2000 	C:\Windows\SYSTEM32\ntmarta.dll
0x00007ffef36d0000 - 0x00007ffef3761000 	C:\Windows\SYSTEM32\mscms.dll
0x00007ffeee970000 - 0x00007ffeee9b2000 	C:\Windows\SYSTEM32\icm32.dll
0x00007ffefd210000 - 0x00007ffefd266000 	C:\Windows\SYSTEM32\WINSTA.dll

VM Arguments:
jvm_args: -Dfile.encoding=Cp1252 
java_command: com.example.illegalaliens.desktop.DesktopLauncher
java_class_path (initial): C:\Users\kajen\tda367\tda367-JOKE\desktop\bin;C:\Users\kajen\.gradle\caches\modules-2\files-2.1\com.badlogicgames.gdx\gdx-backend-lwjgl\1.9.6\ee7c23636ee4a942d329579daecc3ec5e517fe4c\gdx-backend-lwjgl-1.9.6.jar;C:\Users\kajen\.gradle\caches\modules-2\files-2.1\com.badlogicgames.gdx\gdx-platform\1.9.6\6f84dd7a18dc68e4ec492dfbb0594f930babcf63\gdx-platform-1.9.6-natives-desktop.jar;C:\Users\kajen\.gradle\caches\modules-2\files-2.1\com.badlogicgames.gdx\gdx-box2d-platform\1.9.6\d7b6168f5afd3948fd126c0b248f66c49b73ca35\gdx-box2d-platform-1.9.6-natives-desktop.jar;C:\Users\kajen\.gradle\caches\modules-2\files-2.1\com.badlogicgames.gdx\gdx-tools\1.9.6\c666f1f58fcd461a023529991f463f3a9e3c5fec\gdx-tools-1.9.6.jar;C:\Users\kajen\.gradle\caches\modules-2\files-2.1\com.badlogicgames.gdx\gdx\1.9.6\47d1e9b890e364ec28f128e9bb3b9a12a94c164\gdx-1.9.6.jar;C:\Users\kajen\.gradle\caches\modules-2\files-2.1\com.badlogicgames.gdx\gdx-box2d\1.9.6\c249ef4060a4fada952f278455c8f7b9cba3c18a\gdx-box2d-1.9.6.jar;C:\Users\kajen\.gradle\caches\modules-2\files-2.1\org.lwjgl.lwjgl\lwjgl\2.9.2\a9d80fe5935c7a9149f6584d9777cfd471f65489\lwjgl-2.9.2.jar;C:\Users\kajen\.gradle\caches\modules-2\files-2.1\org.lwjgl.lwjgl\lwjgl_util\2.9.2\4b9e37300a87799856e0bd15ed81663cdb6b0947\lwjgl_util-2.9.2.jar;C:\Users\kajen\.gradle\caches\modules-2\files-2.1\com.badlogicgames.jlayer\jlayer\1.0.1-gdx\7cca83cec5c1b2f011362f4d85aabd71a73b049d\jlayer-1.0.1-gdx.jar;C:\Users\kajen\.gradle\caches\modules-2\files-2.1\org.jcraft\jorbis\0.0.17\8872d22b293e8f5d7d56ff92be966e6dc28ebdc6\jorbis-0.0.17.jar;C:\Users\kajen\.gradle\caches\modules-2\files-2.1\com.badlogicgames.gdx\gdx-backend-headless\1.9.6\d348af6c93c70dbbc23a56746051f0186334406f\gdx-backend-headless-1.9.6.jar;C:\Users\kajen\.gradle\caches\modules-2\files-2.1\com.badlogicgames.gdx\gdx-freetype\1.9.6\69187cc3c8062f191df435b43671b0e5ffcbf353\gdx-freetype-1.9.6.jar;C:\Users\kajen\.gradle\caches\modules-2\files-2.1\com.badlogicgames.gdx\gdx-fr
Launcher Type: SUN_STANDARD

Environment Variables:
PATH=C:/Program Files/Java/jre1.8.0_111/bin/server;C:/Program Files/Java/jre1.8.0_111/bin;C:/Program Files/Java/jre1.8.0_111/lib/amd64;C:\ProgramData\Oracle\Java\javapath;C:\Windows\system32;C:\Windows;C:\Windows\System32\Wbem;C:\Windows\System32\WindowsPowerShell\v1.0\;C:\Program Files (x86)\NVIDIA Corporation\PhysX\Common;C:\Program Files\Git\cmd;C:\Program Files (x86)\Skype\Phone\;C:\Users\kajen\AppData\Local\Microsoft\WindowsApps;;C:\Windows\system32;
USERNAME=kajen
OS=Windows_NT
PROCESSOR_IDENTIFIER=Intel64 Family 6 Model 58 Stepping 9, GenuineIntel



---------------  S Y S T E M  ---------------

OS: Windows 10.0 , 64 bit Build 14393 (10.0.14393.0)

CPU:total 4 (4 cores per cpu, 1 threads per core) family 6 model 58 stepping 9, cmov, cx8, fxsr, mmx, sse, sse2, sse3, ssse3, sse4.1, sse4.2, popcnt, avx, aes, clmul, erms, tsc, tscinvbit, tscinv

Memory: 4k page, physical 16692340k(10350976k free), swap 19182708k(10729124k free)

vm_info: Java HotSpot(TM) 64-Bit Server VM (25.111-b14) for windows-amd64 JRE (1.8.0_111-b14), built on Sep 22 2016 19:24:05 by "java_re" with MS VC++ 10.0 (VS2010)

time: Sun Apr 02 17:10:38 2017
elapsed time: 1 seconds (0d 0h 0m 1s)

